nohup: ignoring input

Collecting usage statistics. To deactivate, set browser.gatherUsageStats to false.


  You can now view your Streamlit app in your browser.

  URL: http://127.0.0.1:8080

start to read the config file
done read the config file

Pinged your deployment. You successfully connected to MongoDB!
Connected to MongoDB successfully.
Database 'PaperHelper' already exists.
Collection 'file' already exists.
done upload the pdf file

start to clear the cropped_image_folder
done clear the cropped_image_folder

uploaded_images []

--------------------------------

start to read the config file
done read the config file

df_extracted_data    user_id  ...                                         paper_text
17    None  ...  Initialization Matters for Adversarial Transfe...
16    None  ...  LST: Ladder Side-Tuning for\nParameter and Mem...
15    None  ...  Initialization Matters for Adversarial Transfe...
14    None  ...  ONE-FOR-ALL: GENERALIZED LORA FOR\nPARAMETER -...
13    None  ...  Initialization Matters for Adversarial Transfe...
12    None  ...  Initialization Matters for Adversarial Transfe...
11    None  ...  LST: Ladder Side-Tuning for\nParameter and Mem...
10    None  ...  LST: Ladder Side-Tuning for\nParameter and Mem...
9     None  ...  DTL: Disentangled Transfer Learning for Visual...
8     None  ...  DTL: Disentangled Transfer Learning for Visual...
7     None  ...  Initialization Matters for Adversarial Transfe...
6     None  ...  Initialization Matters for Adversarial Transfe...
5     None  ...  Initialization Matters for Adversarial Transfe...
4     None  ...  LST: Ladder Side-Tuning for\nParameter and Mem...
2     None  ...  LST: Ladder Side-Tuning for\nParameter and Mem...
3     None  ...  LST: Ladder Side-Tuning for\nParameter and Mem...
1           ...  LST: Ladder Side-Tuning for\nParameter and Mem...
0           ...  ImageNet Classiﬁcation with Deep Convolutional...

[18 rows x 5 columns]
type of df_extracted_data <class 'pandas.core.frame.DataFrame'>
columns of df_extracted_data Index(['user_id', 'generate_time', 'paper_title', 'paper_summary',
       'paper_text'],
      dtype='object')
done upload the pdf file

tmpi4eoj9ot
/tmp/tmpi4eoj9ot.pdf
done convert pdf to images

Before clear the cropped_image_folder, the folder contains the images: []

--------------------------------

start to clear the cropped_image_folder
done clear the cropped_image_folder

uploaded_images []

--------------------------------

Columns in extracted_data_from_db: ['user_id', 'generate_time', 'paper_title', 'paper_summary', 'paper_text']
文本相似度: 1.0, 兩篇論文相似
與資料庫中的論文(paper_title: The Impact of Initialization on Adversarial Robustness in Transfer Learning)相似度: 1.0, 是否相似: True
paper_existed_in_db_or_not The Impact of Initialization on Adversarial Robustness in Transfer Learning
The Impact of Initialization on Adversarial Robustness in Transfer Learning - Investigates adversarial robustness in transfer learning, focusing on the impact of initialization.
- Finds standard pretrained models insufficient for robust downstream tasks even with adversarial finetuning.
- Shows that robust pretrained models allow simple linear probing to outperform full finetuning methods.
- Proposes Robust Linear Initialization (RoLI), initializing the linear head with adversarially trained weights.
- Demonstrates RoLI's effectiveness across five image classification datasets, achieving state-of-the-art results.
- Achieves superior adversarial robustness by leveraging a robust pretrained model and smart initialization.
- Code is publicly available on GitHub for reproducibility and further research.
start to read the config file
done read the config file

df_extracted_data    user_id  ...                                         paper_text
17    None  ...  Initialization Matters for Adversarial Transfe...
16    None  ...  LST: Ladder Side-Tuning for\nParameter and Mem...
15    None  ...  Initialization Matters for Adversarial Transfe...
14    None  ...  ONE-FOR-ALL: GENERALIZED LORA FOR\nPARAMETER -...
13    None  ...  Initialization Matters for Adversarial Transfe...
12    None  ...  Initialization Matters for Adversarial Transfe...
11    None  ...  LST: Ladder Side-Tuning for\nParameter and Mem...
10    None  ...  LST: Ladder Side-Tuning for\nParameter and Mem...
9     None  ...  DTL: Disentangled Transfer Learning for Visual...
8     None  ...  DTL: Disentangled Transfer Learning for Visual...
7     None  ...  Initialization Matters for Adversarial Transfe...
6     None  ...  Initialization Matters for Adversarial Transfe...
5     None  ...  Initialization Matters for Adversarial Transfe...
4     None  ...  LST: Ladder Side-Tuning for\nParameter and Mem...
2     None  ...  LST: Ladder Side-Tuning for\nParameter and Mem...
3     None  ...  LST: Ladder Side-Tuning for\nParameter and Mem...
1           ...  LST: Ladder Side-Tuning for\nParameter and Mem...
0           ...  ImageNet Classiﬁcation with Deep Convolutional...

[18 rows x 5 columns]
type of df_extracted_data <class 'pandas.core.frame.DataFrame'>
columns of df_extracted_data Index(['user_id', 'generate_time', 'paper_title', 'paper_summary',
       'paper_text'],
      dtype='object')
done upload the pdf file

tmpv4leinsi
/tmp/tmpv4leinsi.pdf
done convert pdf to images

Before clear the cropped_image_folder, the folder contains the images: []

--------------------------------

uploaded_images []

--------------------------------

Columns in extracted_data_from_db: ['user_id', 'generate_time', 'paper_title', 'paper_summary', 'paper_text']
文本相似度: 1.0, 兩篇論文相似
與資料庫中的論文(paper_title: The Impact of Initialization on Adversarial Robustness in Transfer Learning)相似度: 1.0, 是否相似: True
paper_existed_in_db_or_not The Impact of Initialization on Adversarial Robustness in Transfer Learning
The Impact of Initialization on Adversarial Robustness in Transfer Learning - Investigates adversarial robustness in transfer learning, focusing on the impact of initialization.
- Finds standard pretrained models insufficient for robust downstream tasks even with adversarial finetuning.
- Shows that robust pretrained models allow simple linear probing to outperform full finetuning methods.
- Proposes Robust Linear Initialization (RoLI), initializing the linear head with adversarially trained weights.
- Demonstrates RoLI's effectiveness across five image classification datasets, achieving state-of-the-art results.
- Achieves superior adversarial robustness by leveraging a robust pretrained model and smart initialization.
- Code is publicly available on GitHub for reproducibility and further research.
start to generate summary

--------------------------------

done generate summary, start to generate image descriptions
uploaded_images []
Pinged your deployment. You successfully connected to MongoDB!
Connected to MongoDB successfully.
Database 'PaperHelper' already exists.
Collection 'file' already exists.
How does robust pretrained model initialization impact adversarial robustness in parameter-efficient transfer learning?
How does initializing the linear head with adversarially-trained weights affect downstream task robustness in transfer learning?
How does initialization strategy in transfer learning affect downstream model robustness against adversarial attacks?
start to read the config file
done read the config file

Pinged your deployment. You successfully connected to MongoDB!
Connected to MongoDB successfully.
Database 'PaperHelper' already exists.
Collection 'file' already exists.
done upload the pdf file

start to clear the cropped_image_folder
done clear the cropped_image_folder

uploaded_images []

--------------------------------

start to read the config file
done read the config file

df_extracted_data    user_id  ...                                         paper_text
18    None  ...  Initialization Matters for Adversarial Transfe...
17    None  ...  Initialization Matters for Adversarial Transfe...
16    None  ...  LST: Ladder Side-Tuning for\nParameter and Mem...
15    None  ...  Initialization Matters for Adversarial Transfe...
14    None  ...  ONE-FOR-ALL: GENERALIZED LORA FOR\nPARAMETER -...
13    None  ...  Initialization Matters for Adversarial Transfe...
12    None  ...  Initialization Matters for Adversarial Transfe...
11    None  ...  LST: Ladder Side-Tuning for\nParameter and Mem...
10    None  ...  LST: Ladder Side-Tuning for\nParameter and Mem...
9     None  ...  DTL: Disentangled Transfer Learning for Visual...
8     None  ...  DTL: Disentangled Transfer Learning for Visual...
7     None  ...  Initialization Matters for Adversarial Transfe...
6     None  ...  Initialization Matters for Adversarial Transfe...
5     None  ...  Initialization Matters for Adversarial Transfe...
4     None  ...  LST: Ladder Side-Tuning for\nParameter and Mem...
2     None  ...  LST: Ladder Side-Tuning for\nParameter and Mem...
3     None  ...  LST: Ladder Side-Tuning for\nParameter and Mem...
1           ...  LST: Ladder Side-Tuning for\nParameter and Mem...
0           ...  ImageNet Classiﬁcation with Deep Convolutional...

[19 rows x 5 columns]
type of df_extracted_data <class 'pandas.core.frame.DataFrame'>
columns of df_extracted_data Index(['user_id', 'generate_time', 'paper_title', 'paper_summary',
       'paper_text'],
      dtype='object')
done upload the pdf file

tmp6vkfhg6b
/tmp/tmp6vkfhg6b.pdf
done convert pdf to images

Before clear the cropped_image_folder, the folder contains the images: []

--------------------------------

start to clear the cropped_image_folder
done clear the cropped_image_folder

uploaded_images []

--------------------------------

start to read the config file
done read the config file

df_extracted_data    user_id  ...                                         paper_text
18    None  ...  Initialization Matters for Adversarial Transfe...
17    None  ...  Initialization Matters for Adversarial Transfe...
16    None  ...  LST: Ladder Side-Tuning for\nParameter and Mem...
15    None  ...  Initialization Matters for Adversarial Transfe...
14    None  ...  ONE-FOR-ALL: GENERALIZED LORA FOR\nPARAMETER -...
13    None  ...  Initialization Matters for Adversarial Transfe...
12    None  ...  Initialization Matters for Adversarial Transfe...
11    None  ...  LST: Ladder Side-Tuning for\nParameter and Mem...
10    None  ...  LST: Ladder Side-Tuning for\nParameter and Mem...
9     None  ...  DTL: Disentangled Transfer Learning for Visual...
8     None  ...  DTL: Disentangled Transfer Learning for Visual...
7     None  ...  Initialization Matters for Adversarial Transfe...
6     None  ...  Initialization Matters for Adversarial Transfe...
5     None  ...  Initialization Matters for Adversarial Transfe...
4     None  ...  LST: Ladder Side-Tuning for\nParameter and Mem...
2     None  ...  LST: Ladder Side-Tuning for\nParameter and Mem...
3     None  ...  LST: Ladder Side-Tuning for\nParameter and Mem...
1           ...  LST: Ladder Side-Tuning for\nParameter and Mem...
0           ...  ImageNet Classiﬁcation with Deep Convolutional...

[19 rows x 5 columns]
type of df_extracted_data <class 'pandas.core.frame.DataFrame'>
columns of df_extracted_data Index(['user_id', 'generate_time', 'paper_title', 'paper_summary',
       'paper_text'],
      dtype='object')
done upload the pdf file

tmpkj_wspy3
/tmp/tmpkj_wspy3.pdf
done convert pdf to images

Before clear the cropped_image_folder, the folder contains the images: []

--------------------------------

start to clear the cropped_image_folder
done clear the cropped_image_folder

uploaded_images []

--------------------------------

Columns in extracted_data_from_db: ['user_id', 'generate_time', 'paper_title', 'paper_summary', 'paper_text']
文本相似度: 0.6907, 兩篇論文不相似
與資料庫中的論文(paper_title: The Critical Role of Initialization in Adversarial Transfer Learning)相似度: 0.6907, 是否相似: False
文本相似度: 0.6907, 兩篇論文不相似
與資料庫中的論文(paper_title: The Impact of Initialization on Adversarial Robustness in Transfer Learning)相似度: 0.6907, 是否相似: False
文本相似度: 0.8, 兩篇論文不相似
與資料庫中的論文(paper_title: Ladder Side-Tuning: A Parameter and Memory Efficient Transfer Learning Approach)相似度: 0.8, 是否相似: False
文本相似度: 0.6907, 兩篇論文不相似
與資料庫中的論文(paper_title: Ladder Side-Tuning: A Parameter and Memory Efficient Transfer Learning Approach)相似度: 0.6907, 是否相似: False
文本相似度: 0.8203, 兩篇論文不相似
與資料庫中的論文(paper_title: Ladder Side-Tuning: A Parameter and Memory Efficient Transfer Learning Approach)相似度: 0.8203, 是否相似: False
文本相似度: 0.6907, 兩篇論文不相似
與資料庫中的論文(paper_title: Ladder Side-Tuning: A Parameter and Memory Efficient Transfer Learning Approach)相似度: 0.6907, 是否相似: False
文本相似度: 0.6907, 兩篇論文不相似
與資料庫中的論文(paper_title: Ladder Side-Tuning: A Parameter and Memory Efficient Transfer Learning Approach)相似度: 0.6907, 是否相似: False
文本相似度: 0.8, 兩篇論文不相似
與資料庫中的論文(paper_title: Ladder Side-Tuning: A Parameter and Memory Efficient Transfer Learning Approach)相似度: 0.8, 是否相似: False
文本相似度: 0.8, 兩篇論文不相似
與資料庫中的論文(paper_title: Ladder Side-Tuning: A Parameter and Memory Efficient Transfer Learning Approach)相似度: 0.8, 是否相似: False
文本相似度: 1.0, 兩篇論文相似
與資料庫中的論文(paper_title: Ladder Side-Tuning: A Parameter and Memory Efficient Transfer Learning Approach)相似度: 1.0, 是否相似: True
paper_existed_in_db_or_not Ladder Side-Tuning: A Parameter and Memory Efficient Transfer Learning Approach
Ladder Side-Tuning: A Parameter and Memory Efficient Transfer Learning Approach - LST, a new parameter-efficient transfer learning (PETL) technique, significantly reduces memory usage during fine-tuning.
- Unlike existing methods, LST trains a separate "ladder side network" using shortcut connections from the pre-trained model.
- This avoids backpropagation through the entire pre-trained model, resulting in substantial memory savings (up to 69%).
- LST achieves higher accuracy than Adapter and LoRA methods when memory is limited.
-  Experiments on NLP (GLUE) and vision-language (VQA, GQA, NLVR2, MSCOCO) tasks using T5 and CLIP-T5 models demonstrate LST's effectiveness.
- LST's memory efficiency allows its application to larger models like T5-large and T5-3B.
start to read the config file
done read the config file

df_extracted_data    user_id  ...                                         paper_text
18    None  ...  Initialization Matters for Adversarial Transfe...
17    None  ...  Initialization Matters for Adversarial Transfe...
16    None  ...  LST: Ladder Side-Tuning for\nParameter and Mem...
15    None  ...  Initialization Matters for Adversarial Transfe...
14    None  ...  ONE-FOR-ALL: GENERALIZED LORA FOR\nPARAMETER -...
13    None  ...  Initialization Matters for Adversarial Transfe...
12    None  ...  Initialization Matters for Adversarial Transfe...
11    None  ...  LST: Ladder Side-Tuning for\nParameter and Mem...
10    None  ...  LST: Ladder Side-Tuning for\nParameter and Mem...
9     None  ...  DTL: Disentangled Transfer Learning for Visual...
8     None  ...  DTL: Disentangled Transfer Learning for Visual...
7     None  ...  Initialization Matters for Adversarial Transfe...
6     None  ...  Initialization Matters for Adversarial Transfe...
5     None  ...  Initialization Matters for Adversarial Transfe...
4     None  ...  LST: Ladder Side-Tuning for\nParameter and Mem...
2     None  ...  LST: Ladder Side-Tuning for\nParameter and Mem...
3     None  ...  LST: Ladder Side-Tuning for\nParameter and Mem...
1           ...  LST: Ladder Side-Tuning for\nParameter and Mem...
0           ...  ImageNet Classiﬁcation with Deep Convolutional...

[19 rows x 5 columns]
type of df_extracted_data <class 'pandas.core.frame.DataFrame'>
columns of df_extracted_data Index(['user_id', 'generate_time', 'paper_title', 'paper_summary',
       'paper_text'],
      dtype='object')
done upload the pdf file

tmpuxsegpia
/tmp/tmpuxsegpia.pdf
done convert pdf to images

Before clear the cropped_image_folder, the folder contains the images: ['cropped_image_1.jpg']
Before clear the cropped_image_folder, the folder contains the image: ./cropped_image_tool/public/uploads/cropped_image_1.jpg

--------------------------------

uploaded_images ['cropped_image_1.jpg']
folder contains the image: ./cropped_image_tool/public/uploads/cropped_image_1.jpg

--------------------------------

Columns in extracted_data_from_db: ['user_id', 'generate_time', 'paper_title', 'paper_summary', 'paper_text']
文本相似度: 0.6907, 兩篇論文不相似
與資料庫中的論文(paper_title: The Critical Role of Initialization in Adversarial Transfer Learning)相似度: 0.6907, 是否相似: False
文本相似度: 0.6907, 兩篇論文不相似
與資料庫中的論文(paper_title: The Impact of Initialization on Adversarial Robustness in Transfer Learning)相似度: 0.6907, 是否相似: False
文本相似度: 0.8, 兩篇論文不相似
與資料庫中的論文(paper_title: Ladder Side-Tuning: A Parameter and Memory Efficient Transfer Learning Approach)相似度: 0.8, 是否相似: False
文本相似度: 0.6907, 兩篇論文不相似
與資料庫中的論文(paper_title: Ladder Side-Tuning: A Parameter and Memory Efficient Transfer Learning Approach)相似度: 0.6907, 是否相似: False
文本相似度: 0.8203, 兩篇論文不相似
與資料庫中的論文(paper_title: Ladder Side-Tuning: A Parameter and Memory Efficient Transfer Learning Approach)相似度: 0.8203, 是否相似: False
文本相似度: 0.6907, 兩篇論文不相似
與資料庫中的論文(paper_title: Ladder Side-Tuning: A Parameter and Memory Efficient Transfer Learning Approach)相似度: 0.6907, 是否相似: False
文本相似度: 0.6907, 兩篇論文不相似
與資料庫中的論文(paper_title: Ladder Side-Tuning: A Parameter and Memory Efficient Transfer Learning Approach)相似度: 0.6907, 是否相似: False
文本相似度: 0.8, 兩篇論文不相似
與資料庫中的論文(paper_title: Ladder Side-Tuning: A Parameter and Memory Efficient Transfer Learning Approach)相似度: 0.8, 是否相似: False
文本相似度: 0.8, 兩篇論文不相似
與資料庫中的論文(paper_title: Ladder Side-Tuning: A Parameter and Memory Efficient Transfer Learning Approach)相似度: 0.8, 是否相似: False
文本相似度: 1.0, 兩篇論文相似
與資料庫中的論文(paper_title: Ladder Side-Tuning: A Parameter and Memory Efficient Transfer Learning Approach)相似度: 1.0, 是否相似: True
paper_existed_in_db_or_not Ladder Side-Tuning: A Parameter and Memory Efficient Transfer Learning Approach
Ladder Side-Tuning: A Parameter and Memory Efficient Transfer Learning Approach - LST, a new parameter-efficient transfer learning (PETL) technique, significantly reduces memory usage during fine-tuning.
- Unlike existing methods, LST trains a separate "ladder side network" using shortcut connections from the pre-trained model.
- This avoids backpropagation through the entire pre-trained model, resulting in substantial memory savings (up to 69%).
- LST achieves higher accuracy than Adapter and LoRA methods when memory is limited.
-  Experiments on NLP (GLUE) and vision-language (VQA, GQA, NLVR2, MSCOCO) tasks using T5 and CLIP-T5 models demonstrate LST's effectiveness.
- LST's memory efficiency allows its application to larger models like T5-large and T5-3B.
start to generate summary

--------------------------------

done generate summary, start to generate image descriptions
uploaded_images ['cropped_image_1.jpg']
folder contains the image: ./cropped_image_tool/public/uploads/cropped_image_1.jpg
Processing: ./cropped_image_tool/public/uploads/cropped_image_1.jpg
image is opened: ./cropped_image_tool/public/uploads/cropped_image_1.jpg
Pinged your deployment. You successfully connected to MongoDB!
Connected to MongoDB successfully.
Database 'PaperHelper' already exists.
Collection 'file' already exists.
How does DTL address the GPU memory limitations of parameter-efficient transfer learning?
How does DTL's disentanglement strategy improve both efficiency and accuracy in visual recognition?
How does DTL's Compact Side Network improve upon existing parameter-efficient transfer learning methods?
start to read the config file
done read the config file

Pinged your deployment. You successfully connected to MongoDB!
Connected to MongoDB successfully.
Database 'PaperHelper' already exists.
Collection 'file' already exists.
done upload the pdf file

start to clear the cropped_image_folder
done clear the cropped_image_folder

uploaded_images []

--------------------------------

start to read the config file
done read the config file

Pinged your deployment. You successfully connected to MongoDB!
Connected to MongoDB successfully.
Database 'PaperHelper' already exists.
Collection 'file' already exists.
done upload the pdf file

start to clear the cropped_image_folder
done clear the cropped_image_folder

uploaded_images []

--------------------------------

start to read the config file
done read the config file

Pinged your deployment. You successfully connected to MongoDB!
Connected to MongoDB successfully.
Database 'PaperHelper' already exists.
Collection 'file' already exists.
done upload the pdf file

start to clear the cropped_image_folder
done clear the cropped_image_folder

uploaded_images []

--------------------------------

start to read the config file
done read the config file

Pinged your deployment. You successfully connected to MongoDB!
Connected to MongoDB successfully.
Database 'PaperHelper' already exists.
Collection 'file' already exists.
done upload the pdf file

start to clear the cropped_image_folder
done clear the cropped_image_folder

uploaded_images []

--------------------------------

start to read the config file
done read the config file

df_extracted_data    user_id  ...                                         paper_text
19    None  ...  DTL: Disentangled Transfer Learning for Visual...
18    None  ...  Initialization Matters for Adversarial Transfe...
17    None  ...  Initialization Matters for Adversarial Transfe...
16    None  ...  LST: Ladder Side-Tuning for\nParameter and Mem...
15    None  ...  Initialization Matters for Adversarial Transfe...
14    None  ...  ONE-FOR-ALL: GENERALIZED LORA FOR\nPARAMETER -...
13    None  ...  Initialization Matters for Adversarial Transfe...
12    None  ...  Initialization Matters for Adversarial Transfe...
11    None  ...  LST: Ladder Side-Tuning for\nParameter and Mem...
10    None  ...  LST: Ladder Side-Tuning for\nParameter and Mem...
9     None  ...  DTL: Disentangled Transfer Learning for Visual...
8     None  ...  DTL: Disentangled Transfer Learning for Visual...
7     None  ...  Initialization Matters for Adversarial Transfe...
6     None  ...  Initialization Matters for Adversarial Transfe...
5     None  ...  Initialization Matters for Adversarial Transfe...
4     None  ...  LST: Ladder Side-Tuning for\nParameter and Mem...
2     None  ...  LST: Ladder Side-Tuning for\nParameter and Mem...
3     None  ...  LST: Ladder Side-Tuning for\nParameter and Mem...
1           ...  LST: Ladder Side-Tuning for\nParameter and Mem...
0           ...  ImageNet Classiﬁcation with Deep Convolutional...

[20 rows x 5 columns]
type of df_extracted_data <class 'pandas.core.frame.DataFrame'>
columns of df_extracted_data Index(['user_id', 'generate_time', 'paper_title', 'paper_summary',
       'paper_text'],
      dtype='object')
done upload the pdf file

tmpjnncz18l
/tmp/tmpjnncz18l.pdf
done convert pdf to images

Before clear the cropped_image_folder, the folder contains the images: []

--------------------------------

start to clear the cropped_image_folder
done clear the cropped_image_folder

uploaded_images []

--------------------------------

Columns in extracted_data_from_db: ['user_id', 'generate_time', 'paper_title', 'paper_summary', 'paper_text']
文本相似度: 0.5957, 兩篇論文不相似
與資料庫中的論文(paper_title: Disentangled Transfer Learning for Visual Recognition)相似度: 0.5957, 是否相似: False
文本相似度: 0.4616, 兩篇論文不相似
與資料庫中的論文(paper_title: The Critical Role of Initialization in Adversarial Transfer Learning)相似度: 0.4616, 是否相似: False
文本相似度: 0.4616, 兩篇論文不相似
與資料庫中的論文(paper_title: The Impact of Initialization on Adversarial Robustness in Transfer Learning)相似度: 0.4616, 是否相似: False
文本相似度: 0.5422, 兩篇論文不相似
與資料庫中的論文(paper_title: Ladder Side-Tuning: A Parameter and Memory Efficient Transfer Learning Approach)相似度: 0.5422, 是否相似: False
文本相似度: 0.4616, 兩篇論文不相似
與資料庫中的論文(paper_title: Ladder Side-Tuning: A Parameter and Memory Efficient Transfer Learning Approach)相似度: 0.4616, 是否相似: False
文本相似度: 0.559, 兩篇論文不相似
與資料庫中的論文(paper_title: Ladder Side-Tuning: A Parameter and Memory Efficient Transfer Learning Approach)相似度: 0.559, 是否相似: False
文本相似度: 0.4616, 兩篇論文不相似
與資料庫中的論文(paper_title: Ladder Side-Tuning: A Parameter and Memory Efficient Transfer Learning Approach)相似度: 0.4616, 是否相似: False
文本相似度: 0.4616, 兩篇論文不相似
與資料庫中的論文(paper_title: Ladder Side-Tuning: A Parameter and Memory Efficient Transfer Learning Approach)相似度: 0.4616, 是否相似: False
文本相似度: 0.5422, 兩篇論文不相似
與資料庫中的論文(paper_title: Ladder Side-Tuning: A Parameter and Memory Efficient Transfer Learning Approach)相似度: 0.5422, 是否相似: False
文本相似度: 0.5422, 兩篇論文不相似
與資料庫中的論文(paper_title: Ladder Side-Tuning: A Parameter and Memory Efficient Transfer Learning Approach)相似度: 0.5422, 是否相似: False
文本相似度: 0.5957, 兩篇論文不相似
與資料庫中的論文(paper_title: Ladder Side-Tuning: A Parameter and Memory Efficient Transfer Learning Approach)相似度: 0.5957, 是否相似: False
文本相似度: 0.5957, 兩篇論文不相似
與資料庫中的論文(paper_title: Ladder Side-Tuning: A Parameter and Memory Efficient Transfer Learning Approach)相似度: 0.5957, 是否相似: False
文本相似度: 0.4616, 兩篇論文不相似
與資料庫中的論文(paper_title: Ladder Side-Tuning: A Parameter and Memory Efficient Transfer Learning Approach)相似度: 0.4616, 是否相似: False
文本相似度: 0.4616, 兩篇論文不相似
與資料庫中的論文(paper_title: Ladder Side-Tuning: A Parameter and Memory Efficient Transfer Learning Approach)相似度: 0.4616, 是否相似: False
文本相似度: 0.4616, 兩篇論文不相似
與資料庫中的論文(paper_title: Ladder Side-Tuning: A Parameter and Memory Efficient Transfer Learning Approach)相似度: 0.4616, 是否相似: False
文本相似度: 0.5422, 兩篇論文不相似
與資料庫中的論文(paper_title: Ladder Side-Tuning: A Parameter and Memory Efficient Transfer Learning Approach)相似度: 0.5422, 是否相似: False
文本相似度: 0.5422, 兩篇論文不相似
與資料庫中的論文(paper_title: Ladder Side-Tuning: A Parameter and Memory Efficient Transfer Learning Approach)相似度: 0.5422, 是否相似: False
文本相似度: 0.5422, 兩篇論文不相似
與資料庫中的論文(paper_title: Ladder Side-Tuning: A Parameter and Memory Efficient Transfer Learning Approach)相似度: 0.5422, 是否相似: False
文本相似度: 0.5422, 兩篇論文不相似
與資料庫中的論文(paper_title: Ladder Side-Tuning: A Parameter and Memory Efficient Transfer Learning Approach)相似度: 0.5422, 是否相似: False
文本相似度: 0.6422, 兩篇論文不相似
與資料庫中的論文(paper_title: ImageNet Classification with Deep Convolutional Neural Networks)相似度: 0.6422, 是否相似: False
paper_existed_in_db_or_not None
start to read the config file
done read the config file

df_extracted_data    user_id  ...                                         paper_text
19    None  ...  DTL: Disentangled Transfer Learning for Visual...
18    None  ...  Initialization Matters for Adversarial Transfe...
17    None  ...  Initialization Matters for Adversarial Transfe...
16    None  ...  LST: Ladder Side-Tuning for\nParameter and Mem...
15    None  ...  Initialization Matters for Adversarial Transfe...
14    None  ...  ONE-FOR-ALL: GENERALIZED LORA FOR\nPARAMETER -...
13    None  ...  Initialization Matters for Adversarial Transfe...
12    None  ...  Initialization Matters for Adversarial Transfe...
11    None  ...  LST: Ladder Side-Tuning for\nParameter and Mem...
10    None  ...  LST: Ladder Side-Tuning for\nParameter and Mem...
9     None  ...  DTL: Disentangled Transfer Learning for Visual...
8     None  ...  DTL: Disentangled Transfer Learning for Visual...
7     None  ...  Initialization Matters for Adversarial Transfe...
6     None  ...  Initialization Matters for Adversarial Transfe...
5     None  ...  Initialization Matters for Adversarial Transfe...
4     None  ...  LST: Ladder Side-Tuning for\nParameter and Mem...
2     None  ...  LST: Ladder Side-Tuning for\nParameter and Mem...
3     None  ...  LST: Ladder Side-Tuning for\nParameter and Mem...
1           ...  LST: Ladder Side-Tuning for\nParameter and Mem...
0           ...  ImageNet Classiﬁcation with Deep Convolutional...

[20 rows x 5 columns]
type of df_extracted_data <class 'pandas.core.frame.DataFrame'>
columns of df_extracted_data Index(['user_id', 'generate_time', 'paper_title', 'paper_summary',
       'paper_text'],
      dtype='object')
done upload the pdf file

tmpqr42eu6d
/tmp/tmpqr42eu6d.pdf
done convert pdf to images

Before clear the cropped_image_folder, the folder contains the images: []

--------------------------------

start to clear the cropped_image_folder
done clear the cropped_image_folder

uploaded_images []

--------------------------------

Columns in extracted_data_from_db: ['user_id', 'generate_time', 'paper_title', 'paper_summary', 'paper_text']
文本相似度: 0.5957, 兩篇論文不相似
與資料庫中的論文(paper_title: Disentangled Transfer Learning for Visual Recognition)相似度: 0.5957, 是否相似: False
文本相似度: 0.4616, 兩篇論文不相似
與資料庫中的論文(paper_title: The Critical Role of Initialization in Adversarial Transfer Learning)相似度: 0.4616, 是否相似: False
文本相似度: 0.4616, 兩篇論文不相似
與資料庫中的論文(paper_title: The Impact of Initialization on Adversarial Robustness in Transfer Learning)相似度: 0.4616, 是否相似: False
文本相似度: 0.5422, 兩篇論文不相似
與資料庫中的論文(paper_title: Ladder Side-Tuning: A Parameter and Memory Efficient Transfer Learning Approach)相似度: 0.5422, 是否相似: False
文本相似度: 0.4616, 兩篇論文不相似
與資料庫中的論文(paper_title: Ladder Side-Tuning: A Parameter and Memory Efficient Transfer Learning Approach)相似度: 0.4616, 是否相似: False
文本相似度: 0.559, 兩篇論文不相似
與資料庫中的論文(paper_title: Ladder Side-Tuning: A Parameter and Memory Efficient Transfer Learning Approach)相似度: 0.559, 是否相似: False
文本相似度: 0.4616, 兩篇論文不相似
與資料庫中的論文(paper_title: Ladder Side-Tuning: A Parameter and Memory Efficient Transfer Learning Approach)相似度: 0.4616, 是否相似: False
文本相似度: 0.4616, 兩篇論文不相似
與資料庫中的論文(paper_title: Ladder Side-Tuning: A Parameter and Memory Efficient Transfer Learning Approach)相似度: 0.4616, 是否相似: False
文本相似度: 0.5422, 兩篇論文不相似
與資料庫中的論文(paper_title: Ladder Side-Tuning: A Parameter and Memory Efficient Transfer Learning Approach)相似度: 0.5422, 是否相似: False
文本相似度: 0.5422, 兩篇論文不相似
與資料庫中的論文(paper_title: Ladder Side-Tuning: A Parameter and Memory Efficient Transfer Learning Approach)相似度: 0.5422, 是否相似: False
文本相似度: 0.5957, 兩篇論文不相似
與資料庫中的論文(paper_title: Ladder Side-Tuning: A Parameter and Memory Efficient Transfer Learning Approach)相似度: 0.5957, 是否相似: False
文本相似度: 0.5957, 兩篇論文不相似
與資料庫中的論文(paper_title: Ladder Side-Tuning: A Parameter and Memory Efficient Transfer Learning Approach)相似度: 0.5957, 是否相似: False
文本相似度: 0.4616, 兩篇論文不相似
與資料庫中的論文(paper_title: Ladder Side-Tuning: A Parameter and Memory Efficient Transfer Learning Approach)相似度: 0.4616, 是否相似: False
文本相似度: 0.4616, 兩篇論文不相似
與資料庫中的論文(paper_title: Ladder Side-Tuning: A Parameter and Memory Efficient Transfer Learning Approach)相似度: 0.4616, 是否相似: False
文本相似度: 0.4616, 兩篇論文不相似
與資料庫中的論文(paper_title: Ladder Side-Tuning: A Parameter and Memory Efficient Transfer Learning Approach)相似度: 0.4616, 是否相似: False
文本相似度: 0.5422, 兩篇論文不相似
與資料庫中的論文(paper_title: Ladder Side-Tuning: A Parameter and Memory Efficient Transfer Learning Approach)相似度: 0.5422, 是否相似: False
文本相似度: 0.5422, 兩篇論文不相似
與資料庫中的論文(paper_title: Ladder Side-Tuning: A Parameter and Memory Efficient Transfer Learning Approach)相似度: 0.5422, 是否相似: False
文本相似度: 0.5422, 兩篇論文不相似
與資料庫中的論文(paper_title: Ladder Side-Tuning: A Parameter and Memory Efficient Transfer Learning Approach)相似度: 0.5422, 是否相似: False
文本相似度: 0.5422, 兩篇論文不相似
與資料庫中的論文(paper_title: Ladder Side-Tuning: A Parameter and Memory Efficient Transfer Learning Approach)相似度: 0.5422, 是否相似: False
文本相似度: 0.6422, 兩篇論文不相似
與資料庫中的論文(paper_title: ImageNet Classification with Deep Convolutional Neural Networks)相似度: 0.6422, 是否相似: False
paper_existed_in_db_or_not None
start to read the config file
done read the config file

df_extracted_data    user_id  ...                                         paper_text
19    None  ...  DTL: Disentangled Transfer Learning for Visual...
18    None  ...  Initialization Matters for Adversarial Transfe...
17    None  ...  Initialization Matters for Adversarial Transfe...
16    None  ...  LST: Ladder Side-Tuning for\nParameter and Mem...
15    None  ...  Initialization Matters for Adversarial Transfe...
14    None  ...  ONE-FOR-ALL: GENERALIZED LORA FOR\nPARAMETER -...
13    None  ...  Initialization Matters for Adversarial Transfe...
12    None  ...  Initialization Matters for Adversarial Transfe...
11    None  ...  LST: Ladder Side-Tuning for\nParameter and Mem...
10    None  ...  LST: Ladder Side-Tuning for\nParameter and Mem...
9     None  ...  DTL: Disentangled Transfer Learning for Visual...
8     None  ...  DTL: Disentangled Transfer Learning for Visual...
7     None  ...  Initialization Matters for Adversarial Transfe...
6     None  ...  Initialization Matters for Adversarial Transfe...
5     None  ...  Initialization Matters for Adversarial Transfe...
4     None  ...  LST: Ladder Side-Tuning for\nParameter and Mem...
2     None  ...  LST: Ladder Side-Tuning for\nParameter and Mem...
3     None  ...  LST: Ladder Side-Tuning for\nParameter and Mem...
1           ...  LST: Ladder Side-Tuning for\nParameter and Mem...
0           ...  ImageNet Classiﬁcation with Deep Convolutional...

[20 rows x 5 columns]
type of df_extracted_data <class 'pandas.core.frame.DataFrame'>
columns of df_extracted_data Index(['user_id', 'generate_time', 'paper_title', 'paper_summary',
       'paper_text'],
      dtype='object')
done upload the pdf file

tmpz2zdfdxv
/tmp/tmpz2zdfdxv.pdf
done convert pdf to images

Before clear the cropped_image_folder, the folder contains the images: ['cropped_image_1.jpg']
Before clear the cropped_image_folder, the folder contains the image: ./cropped_image_tool/public/uploads/cropped_image_1.jpg

--------------------------------

uploaded_images ['cropped_image_1.jpg']
folder contains the image: ./cropped_image_tool/public/uploads/cropped_image_1.jpg

--------------------------------

Columns in extracted_data_from_db: ['user_id', 'generate_time', 'paper_title', 'paper_summary', 'paper_text']
文本相似度: 0.5957, 兩篇論文不相似
與資料庫中的論文(paper_title: Disentangled Transfer Learning for Visual Recognition)相似度: 0.5957, 是否相似: False
文本相似度: 0.4616, 兩篇論文不相似
與資料庫中的論文(paper_title: The Critical Role of Initialization in Adversarial Transfer Learning)相似度: 0.4616, 是否相似: False
文本相似度: 0.4616, 兩篇論文不相似
與資料庫中的論文(paper_title: The Impact of Initialization on Adversarial Robustness in Transfer Learning)相似度: 0.4616, 是否相似: False
文本相似度: 0.5422, 兩篇論文不相似
與資料庫中的論文(paper_title: Ladder Side-Tuning: A Parameter and Memory Efficient Transfer Learning Approach)相似度: 0.5422, 是否相似: False
文本相似度: 0.4616, 兩篇論文不相似
與資料庫中的論文(paper_title: Ladder Side-Tuning: A Parameter and Memory Efficient Transfer Learning Approach)相似度: 0.4616, 是否相似: False
文本相似度: 0.559, 兩篇論文不相似
與資料庫中的論文(paper_title: Ladder Side-Tuning: A Parameter and Memory Efficient Transfer Learning Approach)相似度: 0.559, 是否相似: False
文本相似度: 0.4616, 兩篇論文不相似
與資料庫中的論文(paper_title: Ladder Side-Tuning: A Parameter and Memory Efficient Transfer Learning Approach)相似度: 0.4616, 是否相似: False
文本相似度: 0.4616, 兩篇論文不相似
與資料庫中的論文(paper_title: Ladder Side-Tuning: A Parameter and Memory Efficient Transfer Learning Approach)相似度: 0.4616, 是否相似: False
文本相似度: 0.5422, 兩篇論文不相似
與資料庫中的論文(paper_title: Ladder Side-Tuning: A Parameter and Memory Efficient Transfer Learning Approach)相似度: 0.5422, 是否相似: False
文本相似度: 0.5422, 兩篇論文不相似
與資料庫中的論文(paper_title: Ladder Side-Tuning: A Parameter and Memory Efficient Transfer Learning Approach)相似度: 0.5422, 是否相似: False
文本相似度: 0.5957, 兩篇論文不相似
與資料庫中的論文(paper_title: Ladder Side-Tuning: A Parameter and Memory Efficient Transfer Learning Approach)相似度: 0.5957, 是否相似: False
文本相似度: 0.5957, 兩篇論文不相似
與資料庫中的論文(paper_title: Ladder Side-Tuning: A Parameter and Memory Efficient Transfer Learning Approach)相似度: 0.5957, 是否相似: False
文本相似度: 0.4616, 兩篇論文不相似
與資料庫中的論文(paper_title: Ladder Side-Tuning: A Parameter and Memory Efficient Transfer Learning Approach)相似度: 0.4616, 是否相似: False
文本相似度: 0.4616, 兩篇論文不相似
與資料庫中的論文(paper_title: Ladder Side-Tuning: A Parameter and Memory Efficient Transfer Learning Approach)相似度: 0.4616, 是否相似: False
文本相似度: 0.4616, 兩篇論文不相似
與資料庫中的論文(paper_title: Ladder Side-Tuning: A Parameter and Memory Efficient Transfer Learning Approach)相似度: 0.4616, 是否相似: False
文本相似度: 0.5422, 兩篇論文不相似
與資料庫中的論文(paper_title: Ladder Side-Tuning: A Parameter and Memory Efficient Transfer Learning Approach)相似度: 0.5422, 是否相似: False
文本相似度: 0.5422, 兩篇論文不相似
與資料庫中的論文(paper_title: Ladder Side-Tuning: A Parameter and Memory Efficient Transfer Learning Approach)相似度: 0.5422, 是否相似: False
文本相似度: 0.5422, 兩篇論文不相似
與資料庫中的論文(paper_title: Ladder Side-Tuning: A Parameter and Memory Efficient Transfer Learning Approach)相似度: 0.5422, 是否相似: False
文本相似度: 0.5422, 兩篇論文不相似
與資料庫中的論文(paper_title: Ladder Side-Tuning: A Parameter and Memory Efficient Transfer Learning Approach)相似度: 0.5422, 是否相似: False
文本相似度: 0.6422, 兩篇論文不相似
與資料庫中的論文(paper_title: ImageNet Classification with Deep Convolutional Neural Networks)相似度: 0.6422, 是否相似: False
paper_existed_in_db_or_not None
start to generate summary

--------------------------------

done generate summary, start to generate image descriptions
uploaded_images ['cropped_image_1.jpg']
folder contains the image: ./cropped_image_tool/public/uploads/cropped_image_1.jpg
Processing: ./cropped_image_tool/public/uploads/cropped_image_1.jpg
image is opened: ./cropped_image_tool/public/uploads/cropped_image_1.jpg
Pinged your deployment. You successfully connected to MongoDB!
Connected to MongoDB successfully.
Database 'PaperHelper' already exists.
Collection 'file' already exists.
How does a game theory model optimize product portfolio diversity considering both market competition and engineering costs?
How does Nash equilibrium predict optimal product portfolios in a competitive, game-theoretic market model?
How does a 2-person game theory model determine optimal product portfolios in a competitive market?
start to read the config file
done read the config file

df_extracted_data    user_id  ...                                         paper_text
19    None  ...  DTL: Disentangled Transfer Learning for Visual...
18    None  ...  Initialization Matters for Adversarial Transfe...
17    None  ...  Initialization Matters for Adversarial Transfe...
16    None  ...  LST: Ladder Side-Tuning for\nParameter and Mem...
15    None  ...  Initialization Matters for Adversarial Transfe...
14    None  ...  ONE-FOR-ALL: GENERALIZED LORA FOR\nPARAMETER -...
13    None  ...  Initialization Matters for Adversarial Transfe...
12    None  ...  Initialization Matters for Adversarial Transfe...
11    None  ...  LST: Ladder Side-Tuning for\nParameter and Mem...
10    None  ...  LST: Ladder Side-Tuning for\nParameter and Mem...
9     None  ...  DTL: Disentangled Transfer Learning for Visual...
8     None  ...  DTL: Disentangled Transfer Learning for Visual...
7     None  ...  Initialization Matters for Adversarial Transfe...
6     None  ...  Initialization Matters for Adversarial Transfe...
5     None  ...  Initialization Matters for Adversarial Transfe...
4     None  ...  LST: Ladder Side-Tuning for\nParameter and Mem...
2     None  ...  LST: Ladder Side-Tuning for\nParameter and Mem...
3     None  ...  LST: Ladder Side-Tuning for\nParameter and Mem...
1           ...  LST: Ladder Side-Tuning for\nParameter and Mem...
0           ...  ImageNet Classiﬁcation with Deep Convolutional...

[20 rows x 5 columns]
type of df_extracted_data <class 'pandas.core.frame.DataFrame'>
columns of df_extracted_data Index(['user_id', 'generate_time', 'paper_title', 'paper_summary',
       'paper_text'],
      dtype='object')
done upload the pdf file

tmpis0sfmk9
/tmp/tmpis0sfmk9.pdf
done convert pdf to images

Before clear the cropped_image_folder, the folder contains the images: ['cropped_image_1.jpg']
Before clear the cropped_image_folder, the folder contains the image: ./cropped_image_tool/public/uploads/cropped_image_1.jpg

--------------------------------

start to clear the cropped_image_folder
done clear the cropped_image_folder

uploaded_images []

--------------------------------

Columns in extracted_data_from_db: ['user_id', 'generate_time', 'paper_title', 'paper_summary', 'paper_text']
文本相似度: 0.5957, 兩篇論文不相似
與資料庫中的論文(paper_title: Disentangled Transfer Learning for Visual Recognition)相似度: 0.5957, 是否相似: False
文本相似度: 0.4616, 兩篇論文不相似
與資料庫中的論文(paper_title: The Critical Role of Initialization in Adversarial Transfer Learning)相似度: 0.4616, 是否相似: False
文本相似度: 0.4616, 兩篇論文不相似
與資料庫中的論文(paper_title: The Impact of Initialization on Adversarial Robustness in Transfer Learning)相似度: 0.4616, 是否相似: False
文本相似度: 0.5422, 兩篇論文不相似
與資料庫中的論文(paper_title: Ladder Side-Tuning: A Parameter and Memory Efficient Transfer Learning Approach)相似度: 0.5422, 是否相似: False
文本相似度: 0.4616, 兩篇論文不相似
與資料庫中的論文(paper_title: Ladder Side-Tuning: A Parameter and Memory Efficient Transfer Learning Approach)相似度: 0.4616, 是否相似: False
文本相似度: 0.559, 兩篇論文不相似
與資料庫中的論文(paper_title: Ladder Side-Tuning: A Parameter and Memory Efficient Transfer Learning Approach)相似度: 0.559, 是否相似: False
文本相似度: 0.4616, 兩篇論文不相似
與資料庫中的論文(paper_title: Ladder Side-Tuning: A Parameter and Memory Efficient Transfer Learning Approach)相似度: 0.4616, 是否相似: False
文本相似度: 0.4616, 兩篇論文不相似
與資料庫中的論文(paper_title: Ladder Side-Tuning: A Parameter and Memory Efficient Transfer Learning Approach)相似度: 0.4616, 是否相似: False
文本相似度: 0.5422, 兩篇論文不相似
與資料庫中的論文(paper_title: Ladder Side-Tuning: A Parameter and Memory Efficient Transfer Learning Approach)相似度: 0.5422, 是否相似: False
文本相似度: 0.5422, 兩篇論文不相似
與資料庫中的論文(paper_title: Ladder Side-Tuning: A Parameter and Memory Efficient Transfer Learning Approach)相似度: 0.5422, 是否相似: False
文本相似度: 0.5957, 兩篇論文不相似
與資料庫中的論文(paper_title: Ladder Side-Tuning: A Parameter and Memory Efficient Transfer Learning Approach)相似度: 0.5957, 是否相似: False
文本相似度: 0.5957, 兩篇論文不相似
與資料庫中的論文(paper_title: Ladder Side-Tuning: A Parameter and Memory Efficient Transfer Learning Approach)相似度: 0.5957, 是否相似: False
文本相似度: 0.4616, 兩篇論文不相似
與資料庫中的論文(paper_title: Ladder Side-Tuning: A Parameter and Memory Efficient Transfer Learning Approach)相似度: 0.4616, 是否相似: False
文本相似度: 0.4616, 兩篇論文不相似
與資料庫中的論文(paper_title: Ladder Side-Tuning: A Parameter and Memory Efficient Transfer Learning Approach)相似度: 0.4616, 是否相似: False
文本相似度: 0.4616, 兩篇論文不相似
與資料庫中的論文(paper_title: Ladder Side-Tuning: A Parameter and Memory Efficient Transfer Learning Approach)相似度: 0.4616, 是否相似: False
文本相似度: 0.5422, 兩篇論文不相似
與資料庫中的論文(paper_title: Ladder Side-Tuning: A Parameter and Memory Efficient Transfer Learning Approach)相似度: 0.5422, 是否相似: False
文本相似度: 0.5422, 兩篇論文不相似
與資料庫中的論文(paper_title: Ladder Side-Tuning: A Parameter and Memory Efficient Transfer Learning Approach)相似度: 0.5422, 是否相似: False
文本相似度: 0.5422, 兩篇論文不相似
與資料庫中的論文(paper_title: Ladder Side-Tuning: A Parameter and Memory Efficient Transfer Learning Approach)相似度: 0.5422, 是否相似: False
文本相似度: 0.5422, 兩篇論文不相似
與資料庫中的論文(paper_title: Ladder Side-Tuning: A Parameter and Memory Efficient Transfer Learning Approach)相似度: 0.5422, 是否相似: False
文本相似度: 0.6422, 兩篇論文不相似
與資料庫中的論文(paper_title: ImageNet Classification with Deep Convolutional Neural Networks)相似度: 0.6422, 是否相似: False
paper_existed_in_db_or_not None
start to read the config file
done read the config file

df_extracted_data    user_id  ...                                         paper_text
19    None  ...  DTL: Disentangled Transfer Learning for Visual...
18    None  ...  Initialization Matters for Adversarial Transfe...
17    None  ...  Initialization Matters for Adversarial Transfe...
16    None  ...  LST: Ladder Side-Tuning for\nParameter and Mem...
15    None  ...  Initialization Matters for Adversarial Transfe...
14    None  ...  ONE-FOR-ALL: GENERALIZED LORA FOR\nPARAMETER -...
13    None  ...  Initialization Matters for Adversarial Transfe...
12    None  ...  Initialization Matters for Adversarial Transfe...
11    None  ...  LST: Ladder Side-Tuning for\nParameter and Mem...
10    None  ...  LST: Ladder Side-Tuning for\nParameter and Mem...
9     None  ...  DTL: Disentangled Transfer Learning for Visual...
8     None  ...  DTL: Disentangled Transfer Learning for Visual...
7     None  ...  Initialization Matters for Adversarial Transfe...
6     None  ...  Initialization Matters for Adversarial Transfe...
5     None  ...  Initialization Matters for Adversarial Transfe...
4     None  ...  LST: Ladder Side-Tuning for\nParameter and Mem...
2     None  ...  LST: Ladder Side-Tuning for\nParameter and Mem...
3     None  ...  LST: Ladder Side-Tuning for\nParameter and Mem...
1           ...  LST: Ladder Side-Tuning for\nParameter and Mem...
0           ...  ImageNet Classiﬁcation with Deep Convolutional...

[20 rows x 5 columns]
type of df_extracted_data <class 'pandas.core.frame.DataFrame'>
columns of df_extracted_data Index(['user_id', 'generate_time', 'paper_title', 'paper_summary',
       'paper_text'],
      dtype='object')
done upload the pdf file

tmpdvmzrxc6
/tmp/tmpdvmzrxc6.pdf
done convert pdf to images

Before clear the cropped_image_folder, the folder contains the images: []

--------------------------------

start to clear the cropped_image_folder
done clear the cropped_image_folder

uploaded_images []

--------------------------------

Columns in extracted_data_from_db: ['user_id', 'generate_time', 'paper_title', 'paper_summary', 'paper_text']
文本相似度: 0.5957, 兩篇論文不相似
與資料庫中的論文(paper_title: Disentangled Transfer Learning for Visual Recognition)相似度: 0.5957, 是否相似: False
文本相似度: 0.4616, 兩篇論文不相似
與資料庫中的論文(paper_title: The Critical Role of Initialization in Adversarial Transfer Learning)相似度: 0.4616, 是否相似: False
文本相似度: 0.4616, 兩篇論文不相似
與資料庫中的論文(paper_title: The Impact of Initialization on Adversarial Robustness in Transfer Learning)相似度: 0.4616, 是否相似: False
文本相似度: 0.5422, 兩篇論文不相似
與資料庫中的論文(paper_title: Ladder Side-Tuning: A Parameter and Memory Efficient Transfer Learning Approach)相似度: 0.5422, 是否相似: False
文本相似度: 0.4616, 兩篇論文不相似
與資料庫中的論文(paper_title: Ladder Side-Tuning: A Parameter and Memory Efficient Transfer Learning Approach)相似度: 0.4616, 是否相似: False
文本相似度: 0.559, 兩篇論文不相似
與資料庫中的論文(paper_title: Ladder Side-Tuning: A Parameter and Memory Efficient Transfer Learning Approach)相似度: 0.559, 是否相似: False
文本相似度: 0.4616, 兩篇論文不相似
與資料庫中的論文(paper_title: Ladder Side-Tuning: A Parameter and Memory Efficient Transfer Learning Approach)相似度: 0.4616, 是否相似: False
文本相似度: 0.4616, 兩篇論文不相似
與資料庫中的論文(paper_title: Ladder Side-Tuning: A Parameter and Memory Efficient Transfer Learning Approach)相似度: 0.4616, 是否相似: False
文本相似度: 0.5422, 兩篇論文不相似
與資料庫中的論文(paper_title: Ladder Side-Tuning: A Parameter and Memory Efficient Transfer Learning Approach)相似度: 0.5422, 是否相似: False
文本相似度: 0.5422, 兩篇論文不相似
與資料庫中的論文(paper_title: Ladder Side-Tuning: A Parameter and Memory Efficient Transfer Learning Approach)相似度: 0.5422, 是否相似: False
文本相似度: 0.5957, 兩篇論文不相似
與資料庫中的論文(paper_title: Ladder Side-Tuning: A Parameter and Memory Efficient Transfer Learning Approach)相似度: 0.5957, 是否相似: False
文本相似度: 0.5957, 兩篇論文不相似
與資料庫中的論文(paper_title: Ladder Side-Tuning: A Parameter and Memory Efficient Transfer Learning Approach)相似度: 0.5957, 是否相似: False
文本相似度: 0.4616, 兩篇論文不相似
與資料庫中的論文(paper_title: Ladder Side-Tuning: A Parameter and Memory Efficient Transfer Learning Approach)相似度: 0.4616, 是否相似: False
文本相似度: 0.4616, 兩篇論文不相似
與資料庫中的論文(paper_title: Ladder Side-Tuning: A Parameter and Memory Efficient Transfer Learning Approach)相似度: 0.4616, 是否相似: False
文本相似度: 0.4616, 兩篇論文不相似
與資料庫中的論文(paper_title: Ladder Side-Tuning: A Parameter and Memory Efficient Transfer Learning Approach)相似度: 0.4616, 是否相似: False
文本相似度: 0.5422, 兩篇論文不相似
與資料庫中的論文(paper_title: Ladder Side-Tuning: A Parameter and Memory Efficient Transfer Learning Approach)相似度: 0.5422, 是否相似: False
文本相似度: 0.5422, 兩篇論文不相似
與資料庫中的論文(paper_title: Ladder Side-Tuning: A Parameter and Memory Efficient Transfer Learning Approach)相似度: 0.5422, 是否相似: False
文本相似度: 0.5422, 兩篇論文不相似
與資料庫中的論文(paper_title: Ladder Side-Tuning: A Parameter and Memory Efficient Transfer Learning Approach)相似度: 0.5422, 是否相似: False
文本相似度: 0.5422, 兩篇論文不相似
與資料庫中的論文(paper_title: Ladder Side-Tuning: A Parameter and Memory Efficient Transfer Learning Approach)相似度: 0.5422, 是否相似: False
文本相似度: 0.6422, 兩篇論文不相似
與資料庫中的論文(paper_title: ImageNet Classification with Deep Convolutional Neural Networks)相似度: 0.6422, 是否相似: False
paper_existed_in_db_or_not None
start to read the config file
done read the config file

Pinged your deployment. You successfully connected to MongoDB!
Connected to MongoDB successfully.
Database 'PaperHelper' already exists.
Collection 'file' already exists.
done upload the pdf file

start to clear the cropped_image_folder
done clear the cropped_image_folder

uploaded_images []

--------------------------------

start to read the config file
done read the config file

df_extracted_data    user_id  ...                                         paper_text
20    None  ...  A game theory-based model for product portfoli...
19    None  ...  DTL: Disentangled Transfer Learning for Visual...
18    None  ...  Initialization Matters for Adversarial Transfe...
17    None  ...  Initialization Matters for Adversarial Transfe...
16    None  ...  LST: Ladder Side-Tuning for\nParameter and Mem...
15    None  ...  Initialization Matters for Adversarial Transfe...
14    None  ...  ONE-FOR-ALL: GENERALIZED LORA FOR\nPARAMETER -...
13    None  ...  Initialization Matters for Adversarial Transfe...
12    None  ...  Initialization Matters for Adversarial Transfe...
11    None  ...  LST: Ladder Side-Tuning for\nParameter and Mem...
10    None  ...  LST: Ladder Side-Tuning for\nParameter and Mem...
9     None  ...  DTL: Disentangled Transfer Learning for Visual...
8     None  ...  DTL: Disentangled Transfer Learning for Visual...
7     None  ...  Initialization Matters for Adversarial Transfe...
6     None  ...  Initialization Matters for Adversarial Transfe...
5     None  ...  Initialization Matters for Adversarial Transfe...
4     None  ...  LST: Ladder Side-Tuning for\nParameter and Mem...
2     None  ...  LST: Ladder Side-Tuning for\nParameter and Mem...
3     None  ...  LST: Ladder Side-Tuning for\nParameter and Mem...
1           ...  LST: Ladder Side-Tuning for\nParameter and Mem...
0           ...  ImageNet Classiﬁcation with Deep Convolutional...

[21 rows x 5 columns]
type of df_extracted_data <class 'pandas.core.frame.DataFrame'>
columns of df_extracted_data Index(['user_id', 'generate_time', 'paper_title', 'paper_summary',
       'paper_text'],
      dtype='object')
done upload the pdf file

tmpdgc56v5x
/tmp/tmpdgc56v5x.pdf
done convert pdf to images

Before clear the cropped_image_folder, the folder contains the images: []

--------------------------------

start to clear the cropped_image_folder
done clear the cropped_image_folder

uploaded_images []

--------------------------------

start to read the config file
done read the config file

df_extracted_data    user_id  ...                                         paper_text
20    None  ...  A game theory-based model for product portfoli...
19    None  ...  DTL: Disentangled Transfer Learning for Visual...
18    None  ...  Initialization Matters for Adversarial Transfe...
17    None  ...  Initialization Matters for Adversarial Transfe...
16    None  ...  LST: Ladder Side-Tuning for\nParameter and Mem...
15    None  ...  Initialization Matters for Adversarial Transfe...
14    None  ...  ONE-FOR-ALL: GENERALIZED LORA FOR\nPARAMETER -...
13    None  ...  Initialization Matters for Adversarial Transfe...
12    None  ...  Initialization Matters for Adversarial Transfe...
11    None  ...  LST: Ladder Side-Tuning for\nParameter and Mem...
10    None  ...  LST: Ladder Side-Tuning for\nParameter and Mem...
9     None  ...  DTL: Disentangled Transfer Learning for Visual...
8     None  ...  DTL: Disentangled Transfer Learning for Visual...
7     None  ...  Initialization Matters for Adversarial Transfe...
6     None  ...  Initialization Matters for Adversarial Transfe...
5     None  ...  Initialization Matters for Adversarial Transfe...
4     None  ...  LST: Ladder Side-Tuning for\nParameter and Mem...
2     None  ...  LST: Ladder Side-Tuning for\nParameter and Mem...
3     None  ...  LST: Ladder Side-Tuning for\nParameter and Mem...
1           ...  LST: Ladder Side-Tuning for\nParameter and Mem...
0           ...  ImageNet Classiﬁcation with Deep Convolutional...

[21 rows x 5 columns]
type of df_extracted_data <class 'pandas.core.frame.DataFrame'>
columns of df_extracted_data Index(['user_id', 'generate_time', 'paper_title', 'paper_summary',
       'paper_text'],
      dtype='object')
done upload the pdf file

tmpgs5f6mjb
/tmp/tmpgs5f6mjb.pdf
done convert pdf to images

Before clear the cropped_image_folder, the folder contains the images: []

--------------------------------

start to clear the cropped_image_folder
done clear the cropped_image_folder

uploaded_images []

--------------------------------

Columns in extracted_data_from_db: ['user_id', 'generate_time', 'paper_title', 'paper_summary', 'paper_text']
文本相似度: 0.5929, 兩篇論文不相似
與資料庫中的論文(paper_title: Game Theory-Based Product Portfolio Management in Competitive Markets)相似度: 0.5929, 是否相似: False
文本相似度: 0.6254, 兩篇論文不相似
與資料庫中的論文(paper_title: Disentangled Transfer Learning for Visual Recognition)相似度: 0.6254, 是否相似: False
文本相似度: 0.5189, 兩篇論文不相似
與資料庫中的論文(paper_title: The Critical Role of Initialization in Adversarial Transfer Learning)相似度: 0.5189, 是否相似: False
文本相似度: 0.5189, 兩篇論文不相似
與資料庫中的論文(paper_title: The Impact of Initialization on Adversarial Robustness in Transfer Learning)相似度: 0.5189, 是否相似: False
文本相似度: 0.5975, 兩篇論文不相似
與資料庫中的論文(paper_title: Ladder Side-Tuning: A Parameter and Memory Efficient Transfer Learning Approach)相似度: 0.5975, 是否相似: False
文本相似度: 0.5189, 兩篇論文不相似
與資料庫中的論文(paper_title: Ladder Side-Tuning: A Parameter and Memory Efficient Transfer Learning Approach)相似度: 0.5189, 是否相似: False
文本相似度: 0.6526, 兩篇論文不相似
與資料庫中的論文(paper_title: Ladder Side-Tuning: A Parameter and Memory Efficient Transfer Learning Approach)相似度: 0.6526, 是否相似: False
文本相似度: 0.5189, 兩篇論文不相似
與資料庫中的論文(paper_title: Ladder Side-Tuning: A Parameter and Memory Efficient Transfer Learning Approach)相似度: 0.5189, 是否相似: False
文本相似度: 0.5189, 兩篇論文不相似
與資料庫中的論文(paper_title: Ladder Side-Tuning: A Parameter and Memory Efficient Transfer Learning Approach)相似度: 0.5189, 是否相似: False
文本相似度: 0.5975, 兩篇論文不相似
與資料庫中的論文(paper_title: Ladder Side-Tuning: A Parameter and Memory Efficient Transfer Learning Approach)相似度: 0.5975, 是否相似: False
文本相似度: 0.5975, 兩篇論文不相似
與資料庫中的論文(paper_title: Ladder Side-Tuning: A Parameter and Memory Efficient Transfer Learning Approach)相似度: 0.5975, 是否相似: False
文本相似度: 0.6254, 兩篇論文不相似
與資料庫中的論文(paper_title: Ladder Side-Tuning: A Parameter and Memory Efficient Transfer Learning Approach)相似度: 0.6254, 是否相似: False
文本相似度: 0.6254, 兩篇論文不相似
與資料庫中的論文(paper_title: Ladder Side-Tuning: A Parameter and Memory Efficient Transfer Learning Approach)相似度: 0.6254, 是否相似: False
文本相似度: 0.5189, 兩篇論文不相似
與資料庫中的論文(paper_title: Ladder Side-Tuning: A Parameter and Memory Efficient Transfer Learning Approach)相似度: 0.5189, 是否相似: False
文本相似度: 0.5189, 兩篇論文不相似
與資料庫中的論文(paper_title: Ladder Side-Tuning: A Parameter and Memory Efficient Transfer Learning Approach)相似度: 0.5189, 是否相似: False
文本相似度: 0.5189, 兩篇論文不相似
與資料庫中的論文(paper_title: Ladder Side-Tuning: A Parameter and Memory Efficient Transfer Learning Approach)相似度: 0.5189, 是否相似: False
文本相似度: 0.5975, 兩篇論文不相似
與資料庫中的論文(paper_title: Ladder Side-Tuning: A Parameter and Memory Efficient Transfer Learning Approach)相似度: 0.5975, 是否相似: False
文本相似度: 0.5975, 兩篇論文不相似
與資料庫中的論文(paper_title: Ladder Side-Tuning: A Parameter and Memory Efficient Transfer Learning Approach)相似度: 0.5975, 是否相似: False
文本相似度: 0.5975, 兩篇論文不相似
與資料庫中的論文(paper_title: Ladder Side-Tuning: A Parameter and Memory Efficient Transfer Learning Approach)相似度: 0.5975, 是否相似: False
文本相似度: 0.5975, 兩篇論文不相似
